2015-03-28 00:00:00.0 INFO seq=1, value=7774280, state=default
2015-03-28 00:00:00.1 INFO seq=2, value=7786640, state=B2
2015-03-28 00:00:00.2 INFO seq=3, value=7781600, state=A2
2015-03-28 00:00:00.3 INFO seq=4, value=7785200, state=A2
2015-03-28 00:00:00.4 INFO seq=5, value=7771440, state=A2
2015-03-28 00:00:00.5 INFO seq=6, value=7764090, state=null
2015-03-28 00:00:00.6 INFO seq=7, value=7777150, state=A1
2015-03-28 00:00:00.7 INFO seq=8, value=7776840, state=A2
2015-03-28 00:00:00.8 INFO seq=9, value=7763880, state=default
2015-03-28 00:00:00.9 INFO seq=10, value=7785670, state=default
2015-03-28 00:00:01.0 INFO seq=11, value=7776520, state=B
2015-03-28 00:00:01.1 INFO seq=12, value=7772890, state=null
2015-03-28 00:00:01.2 INFO seq=13, value=7784120, state=B
2015-03-28 00:00:01.3 INFO seq=14, value=7765270, state=default
2015-03-28 00:00:01.4 INFO seq=15, value=7794790, state=A1
2015-03-28 00:00:01.5 INFO seq=16, value=7773570, state=default
2015-03-28 00:00:01.6 INFO seq=17, value=7767100, state=B2
2015-03-28 00:00:01.7 INFO seq=18, value=7783890, state=A1
2015-03-28 00:00:01.8 INFO seq=19, value=7793050, state=null
2015-03-28 00:00:01.9 INFO seq=20, value=7784100, state=A2
2015-03-28 00:00:02.0 INFO seq=21, value=7773070, state=default
2015-03-28 00:00:02.1 INFO seq=22, value=7775570, state=default
2015-03-28 00:00:02.2 INFO seq=23, value=7782310, state=A,B
2015-03-28 00:00:02.3 INFO seq=24, value=7778310, state=A,B
2015-03-28 00:00:02.4 INFO seq=25, value=7773520, state=B
2015-03-28 00:00:02.5 INFO seq=26, value=7787920, state=B
2015-03-28 00:00:02.6 INFO seq=27, value=7790600, state=A2
2015-03-28 00:00:02.7 INFO seq=28, value=7788840, state=B2
2015-03-28 00:00:02.8 INFO seq=29, value=7766960, state=A
2015-03-28 00:00:02.9 INFO seq=30, value=7780510, state=A,B
2015-03-28 00:00:03.0 INFO seq=31, value=7776090, state=null
2015-03-28 00:00:03.1 INFO seq=32, value=7776220, state=B
2015-03-28 00:00:03.2 INFO seq=33, value=7787630, state=B1
2015-03-28 00:00:03.3 INFO seq=34, value=7784270, state=default
2015-03-28 00:00:03.4 INFO seq=35, value=7786390, state=A1
2015-03-28 00:00:03.5 INFO seq=36, value=7783280, state=A
2015-03-28 00:00:03.6 INFO seq=37, value=7775150, state=A1
2015-03-28 00:00:03.7 INFO seq=38, value=7782530, state=B1
2015-03-28 00:00:03.8 INFO seq=39, value=7772310, state=B1
2015-03-28 00:00:03.9 INFO seq=10000, value=7763600, state=B2
