2015-03-28 00:00:00.0 INFO seq=1, value=7774280, state=default
2015-03-28 00:00:00.1 INFO seq=2, value=7786640, state=B2
2015-03-28 00:00:00.2 INFO seq=3, value=7781600, state=A2
2015-03-28 00:00:00.3 INFO seq=4, value=7785200, state=A2
2015-03-28 00:00:00.4 INFO seq=5, value=7771440, state=A2
2015-03-28 00:00:00.5 INFO seq=6, value=7764090, state=null
2015-03-28 00:00:00.6 INFO seq=7, value=7777150, state=A1
2015-03-28 00:00:00.7 INFO seq=8, value=7776840, state=A2
2015-03-28 00:00:00.8 INFO seq=9, value=7763880, state=default
2015-03-28 00:00:00.9 INFO seq=10, value=7785670, state=default
2015-03-28 00:00:01.0 INFO seq=11, value=7776520, state=B
2015-03-28 00:00:01.1 INFO seq=12, value=7772890, state=null
2015-03-28 00:00:01.2 INFO seq=13, value=7784120, state=B
2015-03-28 00:00:01.3 INFO seq=14, value=7765270, state=default
2015-03-28 00:00:01.4 INFO seq=15, value=7794790, state=A1
2015-03-28 00:00:01.5 INFO seq=16, value=7773570, state=default
2015-03-28 00:00:01.6 INFO seq=17, value=7767100, state=B2
2015-03-28 00:00:01.7 INFO seq=18, value=7783890, state=A1
2015-03-28 00:00:01.8 INFO seq=19, value=7793050, state=null
2015-03-28 00:00:01.9 INFO seq=20, value=7784100, state=A2
2015-03-28 00:00:02.0 INFO seq=21, value=7773070, state=default
2015-03-28 00:00:02.1 INFO seq=22, value=7775570, state=default
2015-03-28 00:00:02.2 INFO seq=23, value=7782310, state=A,B
2015-03-28 00:00:02.3 INFO seq=24, value=7778310, state=A,B
2015-03-28 00:00:02.4 INFO seq=25, value=7773520, state=B
2015-03-28 00:00:02.5 INFO seq=26, value=7787920, state=B
2015-03-28 00:00:02.6 INFO seq=27, value=7790600, state=A2
2015-03-28 00:00:02.7 INFO seq=28, value=7788840, state=B2
2015-03-28 00:00:02.8 INFO seq=29, value=7766960, state=A
2015-03-28 00:00:02.9 INFO seq=30, value=7780510, state=A,B
2015-03-28 00:00:03.0 INFO seq=31, value=7776090, state=null
2015-03-28 00:00:03.1 INFO seq=32, value=7776220, state=B
2015-03-28 00:00:03.2 INFO seq=33, value=7787630, state=B1
2015-03-28 00:00:03.3 INFO seq=34, value=7784270, state=default
2015-03-28 00:00:03.4 INFO seq=35, value=7786390, state=A1
2015-03-28 00:00:03.5 INFO seq=36, value=7783280, state=A
2015-03-28 00:00:03.6 INFO seq=37, value=7775150, state=A1
2015-03-28 00:00:03.7 INFO seq=38, value=7782530, state=B1
2015-03-28 00:00:03.8 INFO seq=39, value=7772310, state=B1
2015-03-28 00:00:03.9 INFO seq=40, value=7763600, state=B2
2015-03-28 00:00:04.0 INFO seq=41, value=7785570, state=default
2015-03-28 00:00:04.1 INFO seq=42, value=7782790, state=A1
2015-03-28 00:00:04.2 INFO seq=43, value=7760750, state=A1
2015-03-28 00:00:04.3 INFO seq=44, value=7761910, state=B1
2015-03-28 00:00:04.4 INFO seq=45, value=7798270, state=default
2015-03-28 00:00:04.5 INFO seq=46, value=7783930, state=B1
2015-03-28 00:00:04.6 INFO seq=47, value=7780570, state=default
2015-03-28 00:00:04.7 INFO seq=48, value=7769470, state=default
2015-03-28 00:00:04.8 INFO seq=49, value=7771450, state=A1
2015-03-28 00:00:04.9 INFO seq=50, value=7783320, state=B
2015-03-28 00:00:05.0 INFO seq=51, value=7780460, state=default
2015-03-28 00:00:05.1 INFO seq=52, value=7790360, state=default
2015-03-28 00:00:05.2 INFO seq=53, value=7773600, state=B2
2015-03-28 00:00:05.3 INFO seq=54, value=7772150, state=A1
2015-03-28 00:00:05.4 INFO seq=55, value=7783510, state=A,B
2015-03-28 00:00:05.5 INFO seq=56, value=7777830, state=B1
2015-03-28 00:00:05.6 INFO seq=57, value=7795820, state=B
2015-03-28 00:00:05.7 INFO seq=58, value=7769920, state=B
2015-03-28 00:00:05.8 INFO seq=59, value=7787020, state=B
2015-03-28 00:00:05.9 INFO seq=60, value=7772270, state=default
2015-03-28 00:00:06.0 INFO seq=61, value=7768280, state=default
2015-03-28 00:00:06.1 INFO seq=62, value=7776670, state=default
2015-03-28 00:00:06.2 INFO seq=63, value=7780300, state=A2
2015-03-28 00:00:06.3 INFO seq=64, value=7770930, state=A,B
2015-03-28 00:00:06.4 INFO seq=65, value=7777010, state=B1
2015-03-28 00:00:06.5 INFO seq=66, value=7768230, state=A,B
2015-03-28 00:00:06.6 INFO seq=67, value=7776640, state=A2
2015-03-28 00:00:06.7 INFO seq=68, value=7799110, state=A,B
2015-03-28 00:00:06.8 INFO seq=69, value=7789280, state=A
2015-03-28 00:00:06.9 INFO seq=70, value=7771950, state=A1
2015-03-28 00:00:07.0 INFO seq=71, value=7792020, state=B
2015-03-28 00:00:07.1 INFO seq=72, value=7775320, state=B
2015-03-28 00:00:07.2 INFO seq=73, value=7780170, state=default
2015-03-28 00:00:07.3 INFO seq=74, value=7785560, state=default
2015-03-28 00:00:07.4 INFO seq=75, value=7782400, state=A2
2015-03-28 00:00:07.5 INFO seq=76, value=7784740, state=B2
2015-03-28 00:00:07.6 INFO seq=77, value=7780820, state=B
2015-03-28 00:00:07.7 INFO seq=78, value=7770810, state=B1
2015-03-28 00:00:07.8 INFO seq=79, value=7781730, state=B1

2015-03-28 00:00:07.9 INFO seq=80, value=7765860, state=A
2015-03-28 00:00:08.0 INFO seq=81, value=7782480, state=A
2015-03-28 00:00:08.1 INFO seq=82, value=7782860, state=default
2015-03-28 00:00:08.2 INFO seq=83, value=7779830, state=B1
2015-03-28 00:00:08.3 INFO seq=84, value=7770080, state=default
2015-03-28 00:00:08.4 INFO seq=85, value=7773440, state=A2
2015-03-28 00:00:08.5 INFO seq=86, value=7781300, state=A2
2015-03-28 00:00:08.6 INFO seq=87, value=7789180, state=A
2015-03-28 00:00:08.7 INFO seq=88, value=7786530, state=B1
2015-03-28 00:00:08.8 INFO seq=89, value=7768890, state=null
2015-03-28 00:00:08.9 INFO seq=90, value=7786870, state=default
2015-03-28 00:00:09.0 INFO seq=91, value=7780070, state=default
2015-03-28 00:00:09.1 INFO seq=92, value=7762780, state=default
2015-03-28 00:00:09.2 INFO seq=93, value=7783070, state=default
2015-03-28 00:00:09.3 INFO seq=94, value=7768270, state=default
2015-03-28 00:00:09.4 INFO seq=95, value=7772280, state=default
2015-03-28 00:00:09.5 INFO seq=96, value=7786640, state=B2
2015-03-28 00:00:09.6 INFO seq=97, value=7780130, state=B1
2015-03-28 00:00:09.7 INFO seq=98, value=7786840, state=B2
2015-03-28 00:00:09.8 INFO seq=99, value=7790910, state=A,B
2015-03-28 00:00:09.9 INFO seq=100, value=7775320, state=B
2015-03-28 00:00:10.0 INFO seq=101, value=7768760, state=A
2015-03-28 00:00:10.1 INFO seq=102, value=7765380, state=default
2015-03-28 00:00:10.2 INFO seq=103, value=7784540, state=B2
2015-03-28 00:00:10.3 INFO seq=104, value=7778820, state=B
2015-03-28 00:00:10.4 INFO seq=105, value=7779560, state=default
2015-03-28 00:00:10.5 INFO seq=106, value=7783070, state=default
2015-03-28 00:00:10.6 INFO seq=107, value=7789340, state=B2
2015-03-28 00:00:10.7 INFO seq=108, value=7774790, state=null
2015-03-28 00:00:10.8 INFO seq=109, value=7783510, state=A,B
2015-03-28 00:00:10.9 INFO seq=110, value=7775020, state=B
2015-03-28 00:00:11.0 INFO seq=111, value=7788770, state=default
2015-03-28 00:00:11.1 INFO seq=112, value=7779100, state=A2
2015-03-28 00:00:11.2 INFO seq=113, value=7768250, state=A1
2015-03-28 00:00:11.3 INFO seq=114, value=7778870, state=default
2015-03-28 00:00:11.4 INFO seq=115, value=7782720, state=B
2015-03-28 00:00:11.5 INFO seq=116, value=7782740, state=B2
2015-03-28 00:00:11.6 INFO seq=117, value=7772000, state=B2
2015-03-28 00:00:11.7 INFO seq=118, value=7773860, state=A
2015-03-28 00:00:11.8 INFO seq=119, value=7780900, state=A2
2015-03-28 00:00:11.9 INFO seq=120, value=7780420, state=B
2015-03-28 00:00:12.0 INFO seq=121, value=7778690, state=A1
2015-03-28 00:00:12.1 INFO seq=122, value=7786020, state=B
2015-03-28 00:00:12.2 INFO seq=123, value=7769920, state=B
2015-03-28 00:00:12.3 INFO seq=124, value=7776200, state=B2
2015-03-28 00:00:12.4 INFO seq=125, value=7768280, state=default
2015-03-28 00:00:12.5 INFO seq=126, value=7783880, state=A
2015-03-28 00:00:12.6 INFO seq=127, value=7779320, state=B
2015-03-28 00:00:12.7 INFO seq=128, value=7777430, state=A,B
2015-03-28 00:00:12.8 INFO seq=129, value=7765490, state=null
2015-03-28 00:00:12.9 INFO seq=130, value=7769260, state=A
2015-03-28 00:00:13.0 INFO seq=131, value=7787770, state=default
2015-03-28 00:00:13.1 INFO seq=132, value=7778500, state=A2
2015-03-28 00:00:13.2 INFO seq=133, value=7784600, state=A2
2015-03-28 00:00:13.3 INFO seq=134, value=7784830, state=B1
2015-03-28 00:00:13.4 INFO seq=135, value=7766670, state=default
2015-03-28 00:00:13.5 INFO seq=136, value=7776270, state=default
2015-03-28 00:00:13.6 INFO seq=137, value=7783760, state=default
2015-03-28 00:00:13.7 INFO seq=138, value=7761080, state=default
2015-03-28 00:00:13.8 INFO seq=139, value=7775850, state=A1
2015-03-28 00:00:13.9 INFO seq=140, value=7776100, state=B2
2015-03-28 00:00:14.0 INFO seq=141, value=7763050, state=A1
2015-03-28 00:00:14.1 INFO seq=142, value=7789430, state=B1
2015-03-28 00:00:14.2 INFO seq=143, value=7765250, state=A1
2015-03-28 00:00:14.3 INFO seq=144, value=7770380, state=default
2015-03-28 00:00:14.4 INFO seq=145, value=7787070, state=default
2015-03-28 00:00:14.5 INFO seq=146, value=7768270, state=default
2015-03-28 00:00:14.6 INFO seq=147, value=7783430, state=B1
2015-03-28 00:00:14.7 INFO seq=148, value=7796250, state=null
2015-03-28 00:00:14.8 INFO seq=149, value=7771900, state=B2
2015-03-28 00:00:14.9 INFO seq=150, value=7766170, state=default
2015-03-28 00:00:15.0 INFO seq=151, value=7786450, state=null
2015-03-28 00:00:15.1 INFO seq=152, value=7769660, state=A
2015-03-28 00:00:15.2 INFO seq=153, value=7774050, state=A1
2015-03-28 00:00:15.3 INFO seq=154, value=7788910, state=A,B
2015-03-28 00:00:15.4 INFO seq=155, value=7781550, state=null
2015-03-28 00:00:15.5 INFO seq=156, value=7773940, state=A2
2015-03-28 00:00:15.6 INFO seq=157, value=7772170, state=default
2015-03-28 00:00:15.7 INFO seq=158, value=7785520, state=B
2015-03-28 00:00:15.8 INFO seq=159, value=7789660, state=default
2015-03-28 00:00:15.9 INFO seq=160, value=7772760, state=A
2015-03-28 00:00:16.0 INFO seq=161, value=7784420, state=B
2015-03-28 00:00:16.1 INFO seq=162, value=7781100, state=A2
2015-03-28 00:00:16.2 INFO seq=163, value=7784750, state=null
2015-03-28 00:00:16.3 INFO seq=164, value=7765790, state=null
2015-03-28 00:00:16.4 INFO seq=165, value=7775330, state=A,B
2015-03-28 00:00:16.5 INFO seq=166, value=7787870, state=default
2015-03-28 00:00:16.6 INFO seq=167, value=7777440, state=A2
2015-03-28 00:00:16.7 INFO seq=168, value=7771710, state=B1
2015-03-28 00:00:16.8 INFO seq=169, value=7781200, state=A2
2015-03-28 00:00:16.9 INFO seq=170, value=7765360, state=A
2015-03-28 00:00:17.0 INFO seq=171, value=7788500, state=A2
2015-03-28 00:00:17.1 INFO seq=172, value=7773600, state=B2
2015-03-28 00:00:17.2 INFO seq=173, value=7773960, state=A
2015-03-28 00:00:17.3 INFO seq=174, value=7771590, state=null
2015-03-28 00:00:17.4 INFO seq=175, value=7785470, state=default
2015-03-28 00:00:17.5 INFO seq=176, value=7773620, state=B
2015-03-28 00:00:17.6 INFO seq=177, value=7795230, state=B1
2015-03-28 00:00:17.7 INFO seq=178, value=7794700, state=A2
2015-03-28 00:00:17.8 INFO seq=179, value=7767650, state=A1
2015-03-28 00:00:17.9 INFO seq=180, value=7794120, state=B
2015-03-28 00:00:18.0 INFO seq=181, value=7783630, state=B1
2015-03-28 00:00:18.1 INFO seq=182, value=7783900, state=A2
2015-03-28 00:00:18.2 INFO seq=183, value=7783200, state=A2
2015-03-28 00:00:18.3 INFO seq=184, value=7765860, state=A
2015-03-28 00:00:18.4 INFO seq=185, value=7780800, state=A2
2015-03-28 00:00:18.5 INFO seq=186, value=7777760, state=A
2015-03-28 00:00:18.6 INFO seq=187, value=7772650, state=A1
2015-03-28 00:00:18.7 INFO seq=188, value=7784830, state=B1
2015-03-28 00:00:18.8 INFO seq=189, value=7770520, state=B
2015-03-28 00:00:18.9 INFO seq=190, value=7770600, state=B2
2015-03-28 00:00:19.0 INFO seq=191, value=7768290, state=null
2015-03-28 00:00:19.1 INFO seq=192, value=7773420, state=B
2015-03-28 00:00:19.2 INFO seq=193, value=7764530, state=A,B
2015-03-28 00:00:19.3 INFO seq=194, value=7768570, state=default
2015-03-28 00:00:19.4 INFO seq=195, value=7759940, state=A2
2015-03-28 00:00:19.5 INFO seq=196, value=7773120, state=B
2015-03-28 00:00:19.6 INFO seq=197, value=7772440, state=A2
2015-03-28 00:00:19.7 INFO seq=198, value=7769610, state=B1
2015-03-28 00:00:19.8 INFO seq=199, value=7771510, state=B1
2015-03-28 00:00:19.9 INFO seq=200, value=7791530, state=B1
2015-03-28 00:00:20.0 INFO seq=201, value=7767600, state=B2
2015-03-28 00:00:20.1 INFO seq=202, value=7782520, state=B
2015-03-28 00:00:20.2 INFO seq=203, value=7775620, state=B
2015-03-28 00:00:20.3 INFO seq=204, value=7790520, state=B
2015-03-28 00:00:20.4 INFO seq=205, value=7785360, state=default
2015-03-28 00:00:20.5 INFO seq=206, value=7764690, state=null
2015-03-28 00:00:20.6 INFO seq=207, value=7772870, state=default
2015-03-28 00:00:20.7 INFO seq=208, value=7781320, state=B
2015-03-28 00:00:20.8 INFO seq=209, value=7785160, state=default
2015-03-28 00:00:20.9 INFO seq=210, value=7785190, state=A1
2015-03-28 00:00:21.0 INFO seq=211, value=7778830, state=B1
2015-03-28 00:00:21.1 INFO seq=212, value=7789610, state=A,B
2015-03-28 00:00:21.2 INFO seq=213, value=7781960, state=default
2015-03-28 00:00:21.3 INFO seq=214, value=7778790, state=A1
2015-03-28 00:00:21.4 INFO seq=215, value=7775870, state=default
2015-03-28 00:00:21.5 INFO seq=216, value=7768530, state=A,B
2015-03-28 00:00:21.6 INFO seq=217, value=7772930, state=A,B
2015-03-28 00:00:21.7 INFO seq=218, value=7775330, state=A,B
2015-03-28 00:00:21.8 INFO seq=219, value=7773450, state=A1
2015-03-28 00:00:21.9 INFO seq=220, value=7771350, state=A1
2015-03-28 00:00:22.0 INFO seq=221, value=7788880, state=A
2015-03-28 00:00:22.1 INFO seq=222, value=7775130, state=A,B
2015-03-28 00:00:22.2 INFO seq=223, value=7770140, state=A2
2015-03-28 00:00:22.3 INFO seq=224, value=7772620, state=B
2015-03-28 00:00:22.4 INFO seq=225, value=7796940, state=B2
2015-03-28 00:00:22.5 INFO seq=226, value=7772520, state=B
2015-03-28 00:00:22.6 INFO seq=227, value=7780560, state=default
2015-03-28 00:00:22.7 INFO seq=228, value=7791930, state=B1
2015-03-28 00:00:22.8 INFO seq=229, value=7761450, state=A1
2015-03-28 00:00:22.9 INFO seq=230, value=7767980, state=default
2015-03-28 00:00:23.0 INFO seq=231, value=7775340, state=A2
2015-03-28 00:00:23.1 INFO seq=232, value=7774090, state=null
2015-03-28 00:00:23.2 INFO seq=233, value=7774560, state=A
2015-03-28 00:00:23.3 INFO seq=234, value=7759010, state=B1
2015-03-28 00:00:23.4 INFO seq=235, value=7785420, state=B
2015-03-28 00:00:23.5 INFO seq=236, value=7781680, state=A
2015-03-28 00:00:23.6 INFO seq=237, value=7777970, state=default
2015-03-28 00:00:23.7 INFO seq=238, value=7773780, state=default
2015-03-28 00:00:23.8 INFO seq=239, value=7781800, state=A2
2015-03-28 00:00:23.9 INFO seq=240, value=7783840, state=B2
2015-03-28 00:00:24.0 INFO seq=241, value=7773650, state=A1
2015-03-28 00:00:24.1 INFO seq=242, value=7768650, state=A1
2015-03-28 00:00:24.2 INFO seq=243, value=7787970, state=default
2015-03-28 00:00:24.3 INFO seq=244, value=7774600, state=B2
2015-03-28 00:00:24.4 INFO seq=245, value=7773150, state=A1
2015-03-28 00:00:24.5 INFO seq=246, value=7779500, state=A2
2015-03-28 00:00:24.6 INFO seq=247, value=7785380, state=A
2015-03-28 00:00:24.7 INFO seq=248, value=7782330, state=B1
2015-03-28 00:00:24.8 INFO seq=249, value=7779990, state=A1
2015-03-28 00:00:24.9 INFO seq=250, value=7776930, state=A,B
2015-03-28 00:00:25.0 INFO seq=251, value=7783310, state=A,B
2015-03-28 00:00:25.1 INFO seq=252, value=7784490, state=A1
2015-03-28 00:00:25.2 INFO seq=253, value=7775530, state=A,B
2015-03-28 00:00:25.3 INFO seq=254, value=7770790, state=null
2015-03-28 00:00:25.4 INFO seq=255, value=7773170, state=default
2015-03-28 00:00:25.5 INFO seq=256, value=7782600, state=A2
2015-03-28 00:00:25.6 INFO seq=257, value=7762670, state=default
2015-03-28 00:00:25.7 INFO seq=258, value=7788630, state=B1
2015-03-28 00:00:25.8 INFO seq=259, value=7773800, state=B2
2015-03-28 00:00:25.9 INFO seq=260, value=7791310, state=A,B
2015-03-28 00:00:26.0 INFO seq=261, value=7765990, state=null
2015-03-28 00:00:26.1 INFO seq=262, value=7789410, state=A,B
2015-03-28 00:00:26.2 INFO seq=263, value=7773610, state=B1
2015-03-28 00:00:26.3 INFO seq=264, value=7786130, state=B1
2015-03-28 00:00:26.4 INFO seq=265, value=7768090, state=null
2015-03-28 00:00:26.5 INFO seq=266, value=7780100, state=A2
2015-03-28 00:00:26.6 INFO seq=267, value=7769810, state=B1
2015-03-28 00:00:26.7 INFO seq=268, value=7776990, state=null
2015-03-28 00:00:26.8 INFO seq=269, value=7771060, state=A
2015-03-28 00:00:26.9 INFO seq=270, value=7769400, state=B2
2015-03-28 00:00:27.0 INFO seq=271, value=7783820, state=B
2015-03-28 00:00:27.1 INFO seq=272, value=7782410, state=A,B
2015-03-28 00:00:27.2 INFO seq=273, value=7779400, state=A2
2015-03-28 00:00:27.3 INFO seq=274, value=7784050, state=null
2015-03-28 00:00:27.4 INFO seq=275, value=7776890, state=null
2015-03-28 00:00:27.5 INFO seq=276, value=7783150, state=null
2015-03-28 00:00:27.6 INFO seq=277, value=7776970, state=default
2015-03-28 00:00:27.7 INFO seq=278, value=7778870, state=default
2015-03-28 00:00:27.8 INFO seq=279, value=7778520, state=B
2015-03-28 00:00:27.9 INFO seq=280, value=7780290, state=A1
2015-03-28 00:00:28.0 INFO seq=281, value=7785950, state=null
2015-03-28 00:00:28.1 INFO seq=282, value=7777890, state=A1
2015-03-28 00:00:28.2 INFO seq=283, value=7776470, state=default
2015-03-28 00:00:28.3 INFO seq=284, value=7769720, state=B
2015-03-28 00:00:28.4 INFO seq=285, value=7783020, state=B
2015-03-28 00:00:28.5 INFO seq=286, value=7777500, state=B2
2015-03-28 00:00:28.6 INFO seq=287, value=7781070, state=default
2015-03-28 00:00:28.7 INFO seq=288, value=7760520, state=B
2015-03-28 00:00:28.8 INFO seq=289, value=7781300, state=A2
2015-03-28 00:00:28.9 INFO seq=290, value=7769950, state=A1
2015-03-28 00:00:29.0 INFO seq=291, value=7772090, state=null
2015-03-28 00:00:29.1 INFO seq=292, value=7773860, state=A
2015-03-28 00:00:29.2 INFO seq=293, value=7783190, state=A1
2015-03-28 00:00:29.3 INFO seq=294, value=7783680, state=A
2015-03-28 00:00:29.4 INFO seq=295, value=7772500, state=B2
2015-03-28 00:00:29.5 INFO seq=296, value=7796800, state=A2
2015-03-28 00:00:29.6 INFO seq=297, value=7780230, state=B1
2015-03-28 00:00:29.7 INFO seq=298, value=7775420, state=B
2015-03-28 00:00:29.8 INFO seq=299, value=7784090, state=A1
2015-03-28 00:00:29.9 INFO seq=300, value=7765970, state=default
2015-03-28 00:00:30.0 INFO seq=301, value=7778980, state=A
2015-03-28 00:00:30.1 INFO seq=302, value=7776580, state=default
2015-03-28 00:00:30.2 INFO seq=303, value=7766660, state=A
2015-03-28 00:00:30.3 INFO seq=304, value=7771080, state=default
2015-03-28 00:00:30.4 INFO seq=305, value=7757970, state=default
2015-03-28 00:00:30.5 INFO seq=306, value=7776760, state=A
2015-03-28 00:00:30.6 INFO seq=307, value=7767050, state=A1
2015-03-28 00:00:30.7 INFO seq=308, value=7793810, state=A,B
2015-03-28 00:00:30.8 INFO seq=309, value=7778180, state=A
2015-03-28 00:00:30.9 INFO seq=310, value=7778150, state=null
2015-03-28 00:00:31.0 INFO seq=311, value=7744430, state=A,B
2015-03-28 00:00:31.1 INFO seq=312, value=7767660, state=A
2015-03-28 00:00:31.2 INFO seq=313, value=7758390, state=null
2015-03-28 00:00:31.3 INFO seq=314, value=7773430, state=A,B
2015-03-28 00:00:31.4 INFO seq=315, value=7790050, state=null
2015-03-28 00:00:31.5 INFO seq=316, value=7777950, state=null
2015-03-28 00:00:31.6 INFO seq=317, value=7774760, state=A
2015-03-28 00:00:31.7 INFO seq=318, value=7788250, state=null
2015-03-28 00:00:31.8 INFO seq=319, value=7774260, state=A
2015-03-28 00:00:31.9 INFO seq=320, value=7783130, state=B1
2015-03-28 00:00:32.0 INFO seq=321, value=7778820, state=B
2015-03-28 00:00:32.1 INFO seq=322, value=7784980, state=A
2015-03-28 00:00:32.2 INFO seq=323, value=7775630, state=A,B
2015-03-28 00:00:32.3 INFO seq=324, value=7788540, state=B2
2015-03-28 00:00:32.4 INFO seq=325, value=7762800, state=B2
2015-03-28 00:00:32.5 INFO seq=326, value=7782890, state=A1
2015-03-28 00:00:32.6 INFO seq=327, value=7775850, state=A1
2015-03-28 00:00:32.7 INFO seq=328, value=7781090, state=A1
2015-03-28 00:00:32.8 INFO seq=329, value=7780810, state=A,B
2015-03-28 00:00:32.9 INFO seq=330, value=7786630, state=B1
2015-03-28 00:00:33.0 INFO seq=331, value=7771220, state=B
2015-03-28 00:00:33.1 INFO seq=332, value=7762870, state=default
2015-03-28 00:00:33.2 INFO seq=333, value=7767290, state=null
2015-03-28 00:00:33.3 INFO seq=334, value=7782400, state=A2
2015-03-28 00:00:33.4 INFO seq=335, value=7780460, state=default
2015-03-28 00:00:33.5 INFO seq=336, value=7780080, state=A
2015-03-28 00:00:33.6 INFO seq=337, value=7768250, state=A1
2015-03-28 00:00:33.7 INFO seq=338, value=7775070, state=default
2015-03-28 00:00:33.8 INFO seq=339, value=7782170, state=default
2015-03-28 00:00:33.9 INFO seq=340, value=7784620, state=B
2015-03-28 00:00:34.0 INFO seq=341, value=7784700, state=A2
2015-03-28 00:00:34.1 INFO seq=342, value=7778130, state=B1
2015-03-28 00:00:34.2 INFO seq=343, value=7769250, state=A1
2015-03-28 00:00:34.3 INFO seq=344, value=7790370, state=default
2015-03-28 00:00:34.4 INFO seq=345, value=7783470, state=default
2015-03-28 00:00:34.5 INFO seq=346, value=7772050, state=A1
2015-03-28 00:00:34.6 INFO seq=347, value=7779710, state=A,B
2015-03-28 00:00:34.7 INFO seq=348, value=7781540, state=B2
2015-03-28 00:00:34.8 INFO seq=349, value=7772390, state=null
2015-03-28 00:00:34.9 INFO seq=350, value=7766420, state=B
2015-03-28 00:00:35.0 INFO seq=351, value=7786270, state=default
2015-03-28 00:00:35.1 INFO seq=352, value=7780610, state=A,B
2015-03-28 00:00:35.2 INFO seq=353, value=7792820, state=B
2015-03-28 00:00:35.3 INFO seq=354, value=7760990, state=null
2015-03-28 00:00:35.4 INFO seq=355, value=7775020, state=B
2015-03-28 00:00:35.5 INFO seq=356, value=7781610, state=A,B
2015-03-28 00:00:35.6 INFO seq=357, value=7786980, state=A
2015-03-28 00:00:35.7 INFO seq=358, value=7784210, state=A,B
2015-03-28 00:00:35.8 INFO seq=359, value=7782020, state=B
2015-03-28 00:00:35.9 INFO seq=360, value=7779480, state=A
2015-03-28 00:00:36.0 INFO seq=361, value=7780580, state=A
2015-03-28 00:00:36.1 INFO seq=362, value=7774950, state=A1
2015-03-28 00:00:36.2 INFO seq=363, value=7772850, state=A1
2015-03-28 00:00:36.3 INFO seq=364, value=7783240, state=B2
2015-03-28 00:00:36.4 INFO seq=365, value=7776170, state=default
2015-03-28 00:00:36.5 INFO seq=366, value=7797780, state=A
2015-03-28 00:00:36.6 INFO seq=367, value=7762440, state=A2
2015-03-28 00:00:36.7 INFO seq=368, value=7768930, state=A,B
2015-03-28 00:00:36.8 INFO seq=369, value=7765290, state=null
2015-03-28 00:00:36.9 INFO seq=370, value=7771560, state=A
2015-03-28 00:00:37.0 INFO seq=371, value=7769640, state=A2
2015-03-28 00:00:37.1 INFO seq=372, value=7788330, state=B1
2015-03-28 00:00:37.2 INFO seq=373, value=7791380, state=A
2015-03-28 00:00:37.3 INFO seq=374, value=7779540, state=B2
2015-03-28 00:00:37.4 INFO seq=375, value=7772150, state=A1
2015-03-28 00:00:37.5 INFO seq=376, value=7776520, state=B
2015-03-28 00:00:37.6 INFO seq=377, value=7767700, state=B2
2015-03-28 00:00:37.7 INFO seq=378, value=7787450, state=null
2015-03-28 00:00:37.8 INFO seq=379, value=7767540, state=A2
2015-03-28 00:00:37.9 INFO seq=380, value=7778890, state=A1
2015-03-28 00:00:38.0 INFO seq=381, value=7776020, state=B
2015-03-28 00:00:38.1 INFO seq=382, value=7779600, state=A2
2015-03-28 00:00:38.2 INFO seq=383, value=7777520, state=B
2015-03-28 00:00:38.3 INFO seq=384, value=7769200, state=B2
2015-03-28 00:00:38.4 INFO seq=385, value=7792440, state=B2
2015-03-28 00:00:38.5 INFO seq=386, value=7779350, state=null
2015-03-28 00:00:38.6 INFO seq=387, value=7791230, state=B1
2015-03-28 00:00:38.7 INFO seq=388, value=7795990, state=A1
2015-03-28 00:00:38.8 INFO seq=389, value=7789650, state=null
2015-03-28 00:00:38.9 INFO seq=390, value=7771160, state=A
2015-03-28 00:00:39.0 INFO seq=391, value=7777810, state=A,B
2015-03-28 00:00:39.1 INFO seq=392, value=7760940, state=A2
2015-03-28 00:00:39.2 INFO seq=393, value=7779060, state=default
2015-03-28 00:00:39.3 INFO seq=394, value=7778560, state=default
2015-03-28 00:00:39.4 INFO seq=395, value=7773360, state=A
2015-03-28 00:00:39.5 INFO seq=396, value=7779570, state=default
2015-03-28 00:00:39.6 INFO seq=397, value=7764320, state=B
2015-03-28 00:00:39.7 INFO seq=398, value=7775220, state=B
2015-03-28 00:00:39.8 INFO seq=399, value=7783680, state=A
2015-03-28 00:00:39.9 INFO seq=400, value=7772660, state=A
2015-03-28 00:00:40.0 INFO seq=401, value=7775170, state=default
2015-03-28 00:00:40.1 INFO seq=402, value=7764900, state=B2
2015-03-28 00:00:40.2 INFO seq=403, value=7757050, state=A1
2015-03-28 00:00:40.3 INFO seq=404, value=7769350, state=A1
2015-03-28 00:00:40.4 INFO seq=405, value=7781490, state=A1
2015-03-28 00:00:40.5 INFO seq=406, value=7785540, state=B2
2015-03-28 00:00:40.6 INFO seq=407, value=7775960, state=A
2015-03-28 00:00:40.7 INFO seq=408, value=7783820, state=B
2015-03-28 00:00:40.8 INFO seq=409, value=7770520, state=B
2015-03-28 00:00:40.9 INFO seq=410, value=7779820, state=B
2015-03-28 00:00:41.0 INFO seq=411, value=7759880, state=default
2015-03-28 00:00:41.1 INFO seq=412, value=7766600, state=B2
2015-03-28 00:00:41.2 INFO seq=413, value=7787600, state=A2
2015-03-28 00:00:41.3 INFO seq=414, value=7769730, state=A,B
2015-03-28 00:00:41.4 INFO seq=415, value=7800160, state=default
2015-03-28 00:00:41.5 INFO seq=416, value=7779600, state=A2
2015-03-28 00:00:41.6 INFO seq=417, value=7762510, state=B1
2015-03-28 00:00:41.7 INFO seq=418, value=7791670, state=default
2015-03-28 00:00:41.8 INFO seq=419, value=7782450, state=null
2015-03-28 00:00:41.9 INFO seq=420, value=7783900, state=A2
2015-03-28 00:00:42.0 INFO seq=421, value=7781110, state=A,B
2015-03-28 00:00:42.1 INFO seq=422, value=7773260, state=A
2015-03-28 00:00:42.2 INFO seq=423, value=7775590, state=null
2015-03-28 00:00:42.3 INFO seq=424, value=7785590, state=A1
2015-03-28 00:00:42.4 INFO seq=425, value=7779260, state=default
2015-03-28 00:00:42.5 INFO seq=426, value=7793090, state=A1
2015-03-28 00:00:42.6 INFO seq=427, value=7777710, state=B1
2015-03-28 00:00:42.7 INFO seq=428, value=7782930, state=B1
2015-03-28 00:00:42.8 INFO seq=429, value=7780540, state=B2
2015-03-28 00:00:42.9 INFO seq=430, value=7793160, state=default
2015-03-28 00:00:43.0 INFO seq=431, value=7777140, state=A2
2015-03-28 00:00:43.1 INFO seq=432, value=7777500, state=B2
2015-03-28 00:00:43.2 INFO seq=433, value=7768990, state=null
2015-03-28 00:00:43.3 INFO seq=434, value=7783680, state=A
2015-03-28 00:00:43.4 INFO seq=435, value=7765770, state=default
2015-03-28 00:00:43.5 INFO seq=436, value=7786200, state=A2
2015-03-28 00:00:43.6 INFO seq=437, value=7780110, state=A,B
2015-03-28 00:00:43.7 INFO seq=438, value=7801290, state=A1
2015-03-28 00:00:43.8 INFO seq=439, value=7779530, state=B1
2015-03-28 00:00:43.9 INFO seq=440, value=7775680, state=default
2015-03-28 00:00:44.0 INFO seq=441, value=7775460, state=A
2015-03-28 00:00:44.1 INFO seq=442, value=7775240, state=A2
2015-03-28 00:00:44.2 INFO seq=443, value=7777590, state=null
2015-03-28 00:00:44.3 INFO seq=444, value=7779600, state=A2
2015-03-28 00:00:44.4 INFO seq=445, value=7776820, state=B
2015-03-28 00:00:44.5 INFO seq=446, value=7776270, state=default
2015-03-28 00:00:44.6 INFO seq=447, value=7770720, state=B
2015-03-28 00:00:44.7 INFO seq=448, value=7765010, state=B1
2015-03-28 00:00:44.8 INFO seq=449, value=7764780, state=default
2015-03-28 00:00:44.9 INFO seq=450, value=7772530, state=A,B
2015-03-28 00:00:45.0 INFO seq=451, value=7764800, state=B2
2015-03-28 00:00:45.1 INFO seq=452, value=7785580, state=A
2015-03-28 00:00:45.2 INFO seq=453, value=7783760, state=default
2015-03-28 00:00:45.3 INFO seq=454, value=7787420, state=B
2015-03-28 00:00:45.4 INFO seq=455, value=7777840, state=B2
2015-03-28 00:00:45.5 INFO seq=456, value=7781960, state=default
2015-03-28 00:00:45.6 INFO seq=457, value=7781430, state=B1
2015-03-28 00:00:45.7 INFO seq=458, value=7777190, state=null
2015-03-28 00:00:45.8 INFO seq=459, value=7774790, state=null
2015-03-28 00:00:45.9 INFO seq=460, value=7770430, state=A,B
2015-03-28 00:00:46.0 INFO seq=461, value=7785160, state=default
2015-03-28 00:00:46.1 INFO seq=462, value=7764580, state=default
2015-03-28 00:00:46.2 INFO seq=463, value=7793010, state=A,B
2015-03-28 00:00:46.3 INFO seq=464, value=7777210, state=B1
2015-03-28 00:00:46.4 INFO seq=465, value=7769850, state=A1
2015-03-28 00:00:46.5 INFO seq=466, value=7781660, state=default
2015-03-28 00:00:46.6 INFO seq=467, value=7766450, state=A1
2015-03-28 00:00:46.7 INFO seq=468, value=7768510, state=B1
2015-03-28 00:00:46.8 INFO seq=469, value=7789290, state=A1
2015-03-28 00:00:46.9 INFO seq=470, value=7786240, state=B2
2015-03-28 00:00:47.0 INFO seq=471, value=7776050, state=A1
2015-03-28 00:00:47.1 INFO seq=472, value=7760430, state=A,B
2015-03-28 00:00:47.2 INFO seq=473, value=7778930, state=B1
2015-03-28 00:00:47.3 INFO seq=474, value=7790220, state=B
2015-03-28 00:00:47.4 INFO seq=475, value=7767200, state=B2
2015-03-28 00:00:47.5 INFO seq=476, value=7767510, state=B1
2015-03-28 00:00:47.6 INFO seq=477, value=7780640, state=B2
2015-03-28 00:00:47.7 INFO seq=478, value=7751870, state=default
2015-03-28 00:00:47.8 INFO seq=479, value=7783700, state=A2
2015-03-28 00:00:47.9 INFO seq=480, value=7777800, state=A2
2015-03-28 00:00:48.0 INFO seq=481, value=7783790, state=A1
2015-03-28 00:00:48.1 INFO seq=482, value=7758120, state=B
2015-03-28 00:00:48.2 INFO seq=483, value=7772990, state=null
2015-03-28 00:00:48.3 INFO seq=484, value=7776880, state=default
2015-03-28 00:00:48.4 INFO seq=485, value=7777670, state=default
2015-03-28 00:00:48.5 INFO seq=486, value=7782410, state=A,B
2015-03-28 00:00:48.6 INFO seq=487, value=7783700, state=A2
2015-03-28 00:00:48.7 INFO seq=488, value=7775850, state=A1
2015-03-28 00:00:48.8 INFO seq=489, value=7785290, state=A1
2015-03-28 00:00:48.9 INFO seq=490, value=7777380, state=default
2015-03-28 00:00:49.0 INFO seq=491, value=7772730, state=A,B
2015-03-28 00:00:49.1 INFO seq=492, value=7784490, state=A1
2015-03-28 00:00:49.2 INFO seq=493, value=7789240, state=B2
2015-03-28 00:00:49.3 INFO seq=494, value=7785060, state=default
2015-03-28 00:00:49.4 INFO seq=495, value=7771700, state=B2
2015-03-28 00:00:49.5 INFO seq=496, value=7769410, state=B1
2015-03-28 00:00:49.6 INFO seq=497, value=7784660, state=default
2015-03-28 00:00:49.7 INFO seq=498, value=7802650, state=null
2015-03-28 00:00:49.8 INFO seq=499, value=7773910, state=B1
2015-03-28 00:00:49.9 INFO seq=500, value=7781730, state=B1
2015-03-28 00:00:50.0 INFO seq=501, value=7787610, state=A,B
2015-03-28 00:00:50.1 INFO seq=502, value=7768100, state=B2
2015-03-28 00:00:50.2 INFO seq=503, value=7788360, state=default
2015-03-28 00:00:50.3 INFO seq=504, value=7766910, state=B1
2015-03-28 00:00:50.4 INFO seq=505, value=7774240, state=A2
2015-03-28 00:00:50.5 INFO seq=506, value=7763560, state=A
2015-03-28 00:00:50.6 INFO seq=507, value=7785050, state=null
2015-03-28 00:00:50.7 INFO seq=508, value=7783760, state=default
2015-03-28 00:00:50.8 INFO seq=509, value=7782050, state=null
2015-03-28 00:00:50.9 INFO seq=510, value=7776510, state=B1
2015-03-28 00:00:51.0 INFO seq=511, value=7789420, state=B
2015-03-28 00:00:51.1 INFO seq=512, value=7769000, state=B2
2015-03-28 00:00:51.2 INFO seq=513, value=7782570, state=default
2015-03-28 00:00:51.3 INFO seq=514, value=7786570, state=default
2015-03-28 00:00:51.4 INFO seq=515, value=7757670, state=default
2015-03-28 00:00:51.5 INFO seq=516, value=7780750, state=null
2015-03-28 00:00:51.6 INFO seq=517, value=7775780, state=default
2015-03-28 00:00:51.7 INFO seq=518, value=7779790, state=A1
2015-03-28 00:00:51.8 INFO seq=519, value=7772910, state=B1
2015-03-28 00:00:51.9 INFO seq=520, value=7773430, state=A,B
2015-03-28 00:00:52.0 INFO seq=521, value=7780560, state=default
2015-03-28 00:00:52.1 INFO seq=522, value=7789150, state=null
2015-03-28 00:00:52.2 INFO seq=523, value=7784260, state=default
2015-03-28 00:00:52.3 INFO seq=524, value=7787780, state=A
2015-03-28 00:00:52.4 INFO seq=525, value=7773140, state=A2
2015-03-28 00:00:52.5 INFO seq=526, value=7758450, state=A1
2015-03-28 00:00:52.6 INFO seq=527, value=7772420, state=B
2015-03-28 00:00:52.7 INFO seq=528, value=7771720, state=B
2015-03-28 00:00:52.8 INFO seq=529, value=7777910, state=A,B
2015-03-28 00:00:52.9 INFO seq=530, value=7772050, state=A1
2015-03-28 00:00:53.0 INFO seq=531, value=7797120, state=B
2015-03-28 00:00:53.1 INFO seq=532, value=7778620, state=B
2015-03-28 00:00:53.2 INFO seq=533, value=7764420, state=B
2015-03-28 00:00:53.3 INFO seq=534, value=7783520, state=B
2015-03-28 00:00:53.4 INFO seq=535, value=7778830, state=B1
2015-03-28 00:00:53.5 INFO seq=536, value=7778820, state=B
2015-03-28 00:00:53.6 INFO seq=537, value=7779590, state=A1
2015-03-28 00:00:53.7 INFO seq=538, value=7770430, state=A,B
2015-03-28 00:00:53.8 INFO seq=539, value=7778880, state=A
2015-03-28 00:00:53.9 INFO seq=540, value=7769240, state=A2
2015-03-28 00:00:54.0 INFO seq=541, value=7771510, state=B1
2015-03-28 00:00:54.1 INFO seq=542, value=7765890, state=null
2015-03-28 00:00:54.2 INFO seq=543, value=7781110, state=A,B
2015-03-28 00:00:54.3 INFO seq=544, value=7768890, state=null
2015-03-28 00:00:54.4 INFO seq=545, value=7766570, state=default
2015-03-28 00:00:54.5 INFO seq=546, value=7777620, state=B
2015-03-28 00:00:54.6 INFO seq=547, value=7782050, state=null
2015-03-28 00:00:54.7 INFO seq=548, value=7799400, state=A2
2015-03-28 00:00:54.8 INFO seq=549, value=7769410, state=B1
2015-03-28 00:00:54.9 INFO seq=550, value=7765780, state=default
2015-03-28 00:00:55.0 INFO seq=551, value=7764950, state=A1
2015-03-28 00:00:55.1 INFO seq=552, value=7789760, state=default
2015-03-28 00:00:55.2 INFO seq=553, value=7778080, state=A
2015-03-28 00:00:55.3 INFO seq=554, value=7780810, state=A,B
2015-03-28 00:00:55.4 INFO seq=555, value=7779160, state=default
2015-03-28 00:00:55.5 INFO seq=556, value=7779140, state=B2
2015-03-28 00:00:55.6 INFO seq=557, value=7791800, state=A2
2015-03-28 00:00:55.7 INFO seq=558, value=7775070, state=default
2015-03-28 00:00:55.8 INFO seq=559, value=7779220, state=B
2015-03-28 00:00:55.9 INFO seq=560, value=7779520, state=B
2015-03-28 00:00:56.0 INFO seq=561, value=7781910, state=A,B
2015-03-28 00:00:56.1 INFO seq=562, value=7774830, state=A,B
2015-03-28 00:00:56.2 INFO seq=563, value=7778830, state=B1
2015-03-28 00:00:56.3 INFO seq=564, value=7767500, state=B2
2015-03-28 00:00:56.4 INFO seq=565, value=7778540, state=B2
2015-03-28 00:00:56.5 INFO seq=566, value=7783050, state=null
2015-03-28 00:00:56.6 INFO seq=567, value=7762570, state=default
2015-03-28 00:00:56.7 INFO seq=568, value=7780930, state=B1
2015-03-28 00:00:56.8 INFO seq=569, value=7776090, state=null
2015-03-28 00:00:56.9 INFO seq=570, value=7776970, state=default
2015-03-28 00:00:57.0 INFO seq=571, value=7776180, state=default
2015-03-28 00:00:57.1 INFO seq=572, value=7767560, state=A
2015-03-28 00:00:57.2 INFO seq=573, value=7766980, state=default
2015-03-28 00:00:57.3 INFO seq=574, value=7766420, state=B
2015-03-28 00:00:57.4 INFO seq=575, value=7788200, state=A2
2015-03-28 00:00:57.5 INFO seq=576, value=7778280, state=A
2015-03-28 00:00:57.6 INFO seq=577, value=7775130, state=A,B
2015-03-28 00:00:57.7 INFO seq=578, value=7786180, state=A
2015-03-28 00:00:57.8 INFO seq=579, value=7790920, state=B
2015-03-28 00:00:57.9 INFO seq=580, value=7792010, state=A,B
2015-03-28 00:00:58.0 INFO seq=581, value=7771250, state=A1
2015-03-28 00:00:58.1 INFO seq=582, value=7785030, state=B1
2015-03-28 00:00:58.2 INFO seq=583, value=7785440, state=B2
2015-03-28 00:00:58.3 INFO seq=584, value=7771760, state=A
2015-03-28 00:00:58.4 INFO seq=585, value=7779900, state=A2
2015-03-28 00:00:58.5 INFO seq=586, value=7791610, state=A,B
2015-03-28 00:00:58.6 INFO seq=587, value=7775710, state=B1
2015-03-28 00:00:58.7 INFO seq=588, value=7786480, state=A
2015-03-28 00:00:58.8 INFO seq=589, value=7779000, state=A2
2015-03-28 00:00:58.9 INFO seq=590, value=7781250, state=null
2015-03-28 00:00:59.0 INFO seq=591, value=7770890, state=null
2015-03-28 00:00:59.1 INFO seq=592, value=7785820, state=B
2015-03-28 00:00:59.2 INFO seq=593, value=7772450, state=A1
2015-03-28 00:00:59.3 INFO seq=594, value=7779300, state=A2
2015-03-28 00:00:59.4 INFO seq=595, value=7762290, state=null
2015-03-28 00:00:59.5 INFO seq=596, value=7782890, state=A1
2015-03-28 00:00:59.6 INFO seq=597, value=7789450, state=null
2015-03-28 00:00:59.7 INFO seq=598, value=7755430, state=A,B
2015-03-28 00:00:59.8 INFO seq=599, value=7777850, state=null
2015-03-28 00:00:59.9 INFO seq=600, value=7767920, state=B
2015-03-28 00:01:00.0 INFO seq=601, value=7777530, state=A,B
2015-03-28 00:01:00.1 INFO seq=602, value=7763170, state=default
2015-03-28 00:01:00.2 INFO seq=603, value=7788130, state=B1
2015-03-28 00:01:00.3 INFO seq=604, value=7771760, state=A
2015-03-28 00:01:00.4 INFO seq=605, value=7763630, state=A,B
2015-03-28 00:01:00.5 INFO seq=606, value=7773200, state=B2
2015-03-28 00:01:00.6 INFO seq=607, value=7779610, state=A,B
2015-03-28 00:01:00.7 INFO seq=608, value=7782420, state=B
2015-03-28 00:01:00.8 INFO seq=609, value=7771330, state=A,B
2015-03-28 00:01:00.9 INFO seq=610, value=7786770, state=default
2015-03-28 00:01:01.0 INFO seq=611, value=7784390, state=A1
2015-03-28 00:01:01.1 INFO seq=612, value=7775830, state=A,B
2015-03-28 00:01:01.2 INFO seq=613, value=7778850, state=null
2015-03-28 00:01:01.3 INFO seq=614, value=7779130, state=B1
2015-03-28 00:01:01.4 INFO seq=615, value=7784040, state=B2
2015-03-28 00:01:01.5 INFO seq=616, value=7773050, state=A1
2015-03-28 00:01:01.6 INFO seq=617, value=7763560, state=A
2015-03-28 00:01:01.7 INFO seq=618, value=7772150, state=A1
2015-03-28 00:01:01.8 INFO seq=619, value=7780840, state=B2
2015-03-28 00:01:01.9 INFO seq=620, value=7775550, state=A1
2015-03-28 00:01:02.0 INFO seq=621, value=7774960, state=A
2015-03-28 00:01:02.1 INFO seq=622, value=7769610, state=B1
2015-03-28 00:01:02.2 INFO seq=623, value=7779500, state=A2
2015-03-28 00:01:02.3 INFO seq=624, value=7772480, state=default
2015-03-28 00:01:02.4 INFO seq=625, value=7783920, state=B
2015-03-28 00:01:02.5 INFO seq=626, value=7795760, state=default
2015-03-28 00:01:02.6 INFO seq=627, value=7781510, state=A,B
2015-03-28 00:01:02.7 INFO seq=628, value=7783920, state=B
2015-03-28 00:01:02.8 INFO seq=629, value=7768020, state=B
2015-03-28 00:01:02.9 INFO seq=630, value=7778860, state=default
2015-03-28 00:01:03.0 INFO seq=631, value=7782950, state=null
2015-03-28 00:01:03.1 INFO seq=632, value=7767480, state=default
2015-03-28 00:01:03.2 INFO seq=633, value=7776330, state=A,B
2015-03-28 00:01:03.3 INFO seq=634, value=7784120, state=B
2015-03-28 00:01:03.4 INFO seq=635, value=7768990, state=null
2015-03-28 00:01:03.5 INFO seq=636, value=7778050, state=null
2015-03-28 00:01:03.6 INFO seq=637, value=7766880, state=default
2015-03-28 00:01:03.7 INFO seq=638, value=7776260, state=A
2015-03-28 00:01:03.8 INFO seq=639, value=7773730, state=A,B
2015-03-28 00:01:03.9 INFO seq=640, value=7767790, state=null
2015-03-28 00:01:04.0 INFO seq=641, value=7778700, state=A2
2015-03-28 00:01:04.1 INFO seq=642, value=7778110, state=A,B
2015-03-28 00:01:04.2 INFO seq=643, value=7762720, state=B
2015-03-28 00:01:04.3 INFO seq=644, value=7785150, state=null
2015-03-28 00:01:04.4 INFO seq=645, value=7786330, state=B1
2015-03-28 00:01:04.5 INFO seq=646, value=7779250, state=null
2015-03-28 00:01:04.6 INFO seq=647, value=7780070, state=default
2015-03-28 00:01:04.7 INFO seq=648, value=7775360, state=A
2015-03-28 00:01:04.8 INFO seq=649, value=7794450, state=null
2015-03-28 00:01:04.9 INFO seq=650, value=7769750, state=A1
2015-03-28 00:01:05.0 INFO seq=651, value=7772460, state=A
2015-03-28 00:01:05.1 INFO seq=652, value=7779000, state=A2
2015-03-28 00:01:05.2 INFO seq=653, value=7789270, state=default
2015-03-28 00:01:05.3 INFO seq=654, value=7776020, state=B
2015-03-28 00:01:05.4 INFO seq=655, value=7788680, state=A
2015-03-28 00:01:05.5 INFO seq=656, value=7785340, state=B2
2015-03-28 00:01:05.6 INFO seq=657, value=7777920, state=B
2015-03-28 00:01:05.7 INFO seq=658, value=7780080, state=A
2015-03-28 00:01:05.8 INFO seq=659, value=7770080, state=default
2015-03-28 00:01:05.9 INFO seq=660, value=7784330, state=B1
2015-03-28 00:01:06.0 INFO seq=661, value=7778220, state=B
2015-03-28 00:01:06.1 INFO seq=662, value=7790760, state=default
2015-03-28 00:01:06.2 INFO seq=663, value=7752090, state=null
2015-03-28 00:01:06.3 INFO seq=664, value=7769290, state=null
2015-03-28 00:01:06.4 INFO seq=665, value=7785130, state=B1
2015-03-28 00:01:06.5 INFO seq=666, value=7783180, state=A
2015-03-28 00:01:06.6 INFO seq=667, value=7788660, state=default
2015-03-28 00:01:06.7 INFO seq=668, value=7789300, state=A2
2015-03-28 00:01:06.8 INFO seq=669, value=7774320, state=B
2015-03-28 00:01:06.9 INFO seq=670, value=7784270, state=default
2015-03-28 00:01:07.0 INFO seq=671, value=7768990, state=null
2015-03-28 00:01:07.1 INFO seq=672, value=7781400, state=A2
2015-03-28 00:01:07.2 INFO seq=673, value=7779450, state=null
2015-03-28 00:01:07.3 INFO seq=674, value=7771710, state=B1
2015-03-28 00:01:07.4 INFO seq=675, value=7792350, state=null
2015-03-28 00:01:07.5 INFO seq=676, value=7777700, state=B2
2015-03-28 00:01:07.6 INFO seq=677, value=7771680, state=default
2015-03-28 00:01:07.7 INFO seq=678, value=7771060, state=A
2015-03-28 00:01:07.8 INFO seq=679, value=7762750, state=A1
2015-03-28 00:01:07.9 INFO seq=680, value=7759600, state=B2
2015-03-28 00:01:08.0 INFO seq=681, value=7784920, state=B
2015-03-28 00:01:08.1 INFO seq=682, value=7780910, state=A,B
2015-03-28 00:01:08.2 INFO seq=683, value=7762560, state=A
2015-03-28 00:01:08.3 INFO seq=684, value=7780520, state=B
2015-03-28 00:01:08.4 INFO seq=685, value=7775240, state=A2
2015-03-28 00:01:08.5 INFO seq=686, value=7787530, state=B1
2015-03-28 00:01:08.6 INFO seq=687, value=7772390, state=null
2015-03-28 00:01:08.7 INFO seq=688, value=7783450, state=null
2015-03-28 00:01:08.8 INFO seq=689, value=7782960, state=default
2015-03-28 00:01:08.9 INFO seq=690, value=7785290, state=A1
2015-03-28 00:01:09.0 INFO seq=691, value=7771620, state=B
2015-03-28 00:01:09.1 INFO seq=692, value=7771050, state=A1
2015-03-28 00:01:09.2 INFO seq=693, value=7794690, state=A1
2015-03-28 00:01:09.3 INFO seq=694, value=7786490, state=A1
2015-03-28 00:01:09.4 INFO seq=695, value=7786070, state=default
2015-03-28 00:01:09.5 INFO seq=696, value=7778390, state=A1
2015-03-28 00:01:09.6 INFO seq=697, value=7782010, state=A,B
2015-03-28 00:01:09.7 INFO seq=698, value=7788350, state=null
2015-03-28 00:01:09.8 INFO seq=699, value=7755650, state=A1
2015-03-28 00:01:09.9 INFO seq=700, value=7774400, state=B2
2015-03-28 00:01:10.0 INFO seq=701, value=7799550, state=null
2015-03-28 00:01:10.1 INFO seq=702, value=7782800, state=A2
2015-03-28 00:01:10.2 INFO seq=703, value=7769090, state=null
2015-03-28 00:01:10.3 INFO seq=704, value=7773010, state=B1
2015-03-28 00:01:10.4 INFO seq=705, value=7774340, state=A2
2015-03-28 00:01:10.5 INFO seq=706, value=7781540, state=B2
2015-03-28 00:01:10.6 INFO seq=707, value=7794810, state=A,B
2015-03-28 00:01:10.7 INFO seq=708, value=7791440, state=B2
2015-03-28 00:01:10.8 INFO seq=709, value=7768830, state=A,B
2015-03-28 00:01:10.9 INFO seq=710, value=7789190, state=A1
2015-03-28 00:01:11.0 INFO seq=711, value=7782030, state=B1
2015-03-28 00:01:11.1 INFO seq=712, value=7771250, state=A1
2015-03-28 00:01:11.2 INFO seq=713, value=7778360, state=default
2015-03-28 00:01:11.3 INFO seq=714, value=7776750, state=A1
2015-03-28 00:01:11.4 INFO seq=715, value=7774810, state=B1
2015-03-28 00:01:11.5 INFO seq=716, value=7768040, state=A2
2015-03-28 00:01:11.6 INFO seq=717, value=7767570, state=default
2015-03-28 00:01:11.7 INFO seq=718, value=7787930, state=B1
2015-03-28 00:01:11.8 INFO seq=719, value=7777530, state=A,B
2015-03-28 00:01:11.9 INFO seq=720, value=7781960, state=default
2015-03-28 00:01:12.0 INFO seq=721, value=7777730, state=A,B
2015-03-28 00:01:12.1 INFO seq=722, value=7775000, state=B2
2015-03-28 00:01:12.2 INFO seq=723, value=7784930, state=B1
2015-03-28 00:01:12.3 INFO seq=724, value=7780450, state=null
2015-03-28 00:01:12.4 INFO seq=725, value=7794930, state=B1
2015-03-28 00:01:12.5 INFO seq=726, value=7786790, state=A1
2015-03-28 00:01:12.6 INFO seq=727, value=7772490, state=null
2015-03-28 00:01:12.7 INFO seq=728, value=7782440, state=B2
2015-03-28 00:01:12.8 INFO seq=729, value=7770330, state=A,B
2015-03-28 00:01:12.9 INFO seq=730, value=7792350, state=null
2015-03-28 00:01:13.0 INFO seq=731, value=7764500, state=B2
2015-03-28 00:01:13.1 INFO seq=732, value=7776590, state=null
2015-03-28 00:01:13.2 INFO seq=733, value=7775410, state=B1
2015-03-28 00:01:13.3 INFO seq=734, value=7764200, state=B2
2015-03-28 00:01:13.4 INFO seq=735, value=7777910, state=A,B
2015-03-28 00:01:13.5 INFO seq=736, value=7779460, state=default
2015-03-28 00:01:13.6 INFO seq=737, value=7772670, state=default
2015-03-28 00:01:13.7 INFO seq=738, value=7776810, state=B1
2015-03-28 00:01:13.8 INFO seq=739, value=7790630, state=B1
2015-03-28 00:01:13.9 INFO seq=740, value=7790420, state=B
2015-03-28 00:01:14.0 INFO seq=741, value=7780000, state=A2
2015-03-28 00:01:14.1 INFO seq=742, value=7773260, state=A
2015-03-28 00:01:14.2 INFO seq=743, value=7779160, state=default
2015-03-28 00:01:14.3 INFO seq=744, value=7788340, state=B2
2015-03-28 00:01:14.4 INFO seq=745, value=7774830, state=A,B
2015-03-28 00:01:14.5 INFO seq=746, value=7769920, state=B
2015-03-28 00:01:14.6 INFO seq=747, value=7770100, state=B2
2015-03-28 00:01:14.7 INFO seq=748, value=7782230, state=B1
2015-03-28 00:01:14.8 INFO seq=749, value=7771800, state=B2
2015-03-28 00:01:14.9 INFO seq=750, value=7800120, state=B
2015-03-28 00:01:15.0 INFO seq=751, value=7775720, state=B
2015-03-28 00:01:15.1 INFO seq=752, value=7780260, state=default
2015-03-28 00:01:15.2 INFO seq=753, value=7759110, state=B1
2015-03-28 00:01:15.3 INFO seq=754, value=7784290, state=A1
2015-03-28 00:01:15.4 INFO seq=755, value=7777900, state=A2
2015-03-28 00:01:15.5 INFO seq=756, value=7763180, state=default
2015-03-28 00:01:15.6 INFO seq=757, value=7771490, state=null
2015-03-28 00:01:15.7 INFO seq=758, value=7768850, state=A1
2015-03-28 00:01:15.8 INFO seq=759, value=7785430, state=B1
2015-03-28 00:01:15.9 INFO seq=760, value=7781300, state=A2
2015-03-28 00:01:16.0 INFO seq=761, value=7768480, state=default
2015-03-28 00:01:16.1 INFO seq=762, value=7768440, state=A2
2015-03-28 00:01:16.2 INFO seq=763, value=7768240, state=A2
2015-03-28 00:01:16.3 INFO seq=764, value=7788050, state=null
2015-03-28 00:01:16.4 INFO seq=765, value=7765430, state=A,B
2015-03-28 00:01:16.5 INFO seq=766, value=7774540, state=A2
2015-03-28 00:01:16.6 INFO seq=767, value=7780570, state=default
2015-03-28 00:01:16.7 INFO seq=768, value=7782580, state=A
2015-03-28 00:01:16.8 INFO seq=769, value=7793490, state=A1
2015-03-28 00:01:16.9 INFO seq=770, value=7775310, state=B1
2015-03-28 00:01:17.0 INFO seq=771, value=7764590, state=null
2015-03-28 00:01:17.1 INFO seq=772, value=7785280, state=A
2015-03-28 00:01:17.2 INFO seq=773, value=7770310, state=B1
2015-03-28 00:01:17.3 INFO seq=774, value=7777170, state=default
2015-03-28 00:01:17.4 INFO seq=775, value=7773590, state=null
2015-03-28 00:01:17.5 INFO seq=776, value=7772910, state=B1
2015-03-28 00:01:17.6 INFO seq=777, value=7781920, state=B
2015-03-28 00:01:17.7 INFO seq=778, value=7786360, state=default
2015-03-28 00:01:17.8 INFO seq=779, value=7782510, state=A,B
2015-03-28 00:01:17.9 INFO seq=780, value=7782470, state=default
2015-03-28 00:01:18.0 INFO seq=781, value=7776830, state=A,B
2015-03-28 00:01:18.1 INFO seq=782, value=7775990, state=null
2015-03-28 00:01:18.2 INFO seq=783, value=7784110, state=A,B
2015-03-28 00:01:18.3 INFO seq=784, value=7777050, state=A1
2015-03-28 00:01:18.4 INFO seq=785, value=7781290, state=A1
2015-03-28 00:01:18.5 INFO seq=786, value=7774640, state=A2
2015-03-28 00:01:18.6 INFO seq=787, value=7783210, state=A,B
2015-03-28 00:01:18.7 INFO seq=788, value=7776260, state=A
2015-03-28 00:01:18.8 INFO seq=789, value=7767920, state=B
2015-03-28 00:01:18.9 INFO seq=790, value=7785050, state=null
2015-03-28 00:01:19.0 INFO seq=791, value=7794550, state=null
2015-03-28 00:01:19.1 INFO seq=792, value=7784440, state=B2
2015-03-28 00:01:19.2 INFO seq=793, value=7777650, state=A1
2015-03-28 00:01:19.3 INFO seq=794, value=7775240, state=A2
2015-03-28 00:01:19.4 INFO seq=795, value=7779940, state=B2
2015-03-28 00:01:19.5 INFO seq=796, value=7779550, state=null
2015-03-28 00:01:19.6 INFO seq=797, value=7776660, state=A
2015-03-28 00:01:19.7 INFO seq=798, value=7788440, state=B2
2015-03-28 00:01:19.8 INFO seq=799, value=7771280, state=default
2015-03-28 00:01:19.9 INFO seq=800, value=7780430, state=B1
2015-03-28 00:01:20.0 INFO seq=801, value=7767920, state=B
2015-03-28 00:01:20.1 INFO seq=802, value=7778700, state=A2
2015-03-28 00:01:20.2 INFO seq=803, value=7776580, state=default
2015-03-28 00:01:20.3 INFO seq=804, value=7780480, state=A
2015-03-28 00:01:20.4 INFO seq=805, value=7775550, state=A1
2015-03-28 00:01:20.5 INFO seq=806, value=7780370, state=default
2015-03-28 00:01:20.6 INFO seq=807, value=7772930, state=A,B
2015-03-28 00:01:20.7 INFO seq=808, value=7787520, state=B
2015-03-28 00:01:20.8 INFO seq=809, value=7788730, state=B1
2015-03-28 00:01:20.9 INFO seq=810, value=7772210, state=B1
2015-03-28 00:01:21.0 INFO seq=811, value=7783040, state=B2
2015-03-28 00:01:21.1 INFO seq=812, value=7770960, state=A
2015-03-28 00:01:21.2 INFO seq=813, value=7788580, state=A
2015-03-28 00:01:21.3 INFO seq=814, value=7773780, state=default
2015-03-28 00:01:21.4 INFO seq=815, value=7779700, state=A2
2015-03-28 00:01:21.5 INFO seq=816, value=7757270, state=default
2015-03-28 00:01:21.6 INFO seq=817, value=7793180, state=A
2015-03-28 00:01:21.7 INFO seq=818, value=7773150, state=A1
2015-03-28 00:01:21.8 INFO seq=819, value=7771990, state=null
2015-03-28 00:01:21.9 INFO seq=820, value=7778320, state=B
2015-03-28 00:01:22.0 INFO seq=821, value=7776830, state=A,B
2015-03-28 00:01:22.1 INFO seq=822, value=7783590, state=A1
2015-03-28 00:01:22.2 INFO seq=823, value=7790670, state=default
2015-03-28 00:01:22.3 INFO seq=824, value=7788960, state=default
2015-03-28 00:01:22.4 INFO seq=825, value=7783890, state=A1
2015-03-28 00:01:22.5 INFO seq=826, value=7782760, state=default
2015-03-28 00:01:22.6 INFO seq=827, value=7778210, state=A,B
2015-03-28 00:01:22.7 INFO seq=828, value=7770770, state=default
2015-03-28 00:01:22.8 INFO seq=829, value=7783160, state=default
2015-03-28 00:01:22.9 INFO seq=830, value=7777490, state=null
2015-03-28 00:01:23.0 INFO seq=831, value=7778130, state=B1
2015-03-28 00:01:23.1 INFO seq=832, value=7769310, state=B1
2015-03-28 00:01:23.2 INFO seq=833, value=7773690, state=null
2015-03-28 00:01:23.3 INFO seq=834, value=7767470, state=default
2015-03-28 00:01:23.4 INFO seq=835, value=7773180, state=default
2015-03-28 00:01:23.5 INFO seq=836, value=7786820, state=B
2015-03-28 00:01:23.6 INFO seq=837, value=7781500, state=A2
2015-03-28 00:01:23.7 INFO seq=838, value=7775640, state=A2
2015-03-28 00:01:23.8 INFO seq=839, value=7768300, state=B2
2015-03-28 00:01:23.9 INFO seq=840, value=7789130, state=B1
2015-03-28 00:01:24.0 INFO seq=841, value=7769420, state=B
2015-03-28 00:01:24.1 INFO seq=842, value=7786040, state=B2
2015-03-28 00:01:24.2 INFO seq=843, value=7783580, state=A
2015-03-28 00:01:24.3 INFO seq=844, value=7767080, state=default
2015-03-28 00:01:24.4 INFO seq=845, value=7779110, state=A,B
2015-03-28 00:01:24.5 INFO seq=846, value=7792560, state=default
2015-03-28 00:01:24.6 INFO seq=847, value=7772500, state=B2
2015-03-28 00:01:24.7 INFO seq=848, value=7768980, state=default
2015-03-28 00:01:24.8 INFO seq=849, value=7789100, state=A2
2015-03-28 00:01:24.9 INFO seq=850, value=7774560, state=A
2015-03-28 00:01:25.0 INFO seq=851, value=7771880, state=default
2015-03-28 00:01:25.1 INFO seq=852, value=7774320, state=B
2015-03-28 00:01:25.2 INFO seq=853, value=7778470, state=default
2015-03-28 00:01:25.3 INFO seq=854, value=7769030, state=A,B
2015-03-28 00:01:25.4 INFO seq=855, value=7775570, state=default
2015-03-28 00:01:25.5 INFO seq=856, value=7798790, state=A1
2015-03-28 00:01:25.6 INFO seq=857, value=7759090, state=null
2015-03-28 00:01:25.7 INFO seq=858, value=7774390, state=null
2015-03-28 00:01:25.8 INFO seq=859, value=7793960, state=default
2015-03-28 00:01:25.9 INFO seq=860, value=7778370, state=default
2015-03-28 00:01:26.0 INFO seq=861, value=7770590, state=null
2015-03-28 00:01:26.1 INFO seq=862, value=7782240, state=B2
2015-03-28 00:01:26.2 INFO seq=863, value=7775870, state=default
2015-03-28 00:01:26.3 INFO seq=864, value=7796850, state=null
2015-03-28 00:01:26.4 INFO seq=865, value=7772510, state=B1
2015-03-28 00:01:26.5 INFO seq=866, value=7778910, state=A,B
2015-03-28 00:01:26.6 INFO seq=867, value=7777670, state=default
2015-03-28 00:01:26.7 INFO seq=868, value=7772230, state=A,B
2015-03-28 00:01:26.8 INFO seq=869, value=7794740, state=B2
2015-03-28 00:01:26.9 INFO seq=870, value=7775270, state=default
2015-03-28 00:01:27.0 INFO seq=871, value=7772270, state=default
2015-03-28 00:01:27.1 INFO seq=872, value=7785240, state=B2
2015-03-28 00:01:27.2 INFO seq=873, value=7772320, state=B
2015-03-28 00:01:27.3 INFO seq=874, value=7774690, state=null
2015-03-28 00:01:27.4 INFO seq=875, value=7775810, state=B1
2015-03-28 00:01:27.5 INFO seq=876, value=7769250, state=A1
2015-03-28 00:01:27.6 INFO seq=877, value=7756110, state=B1
2015-03-28 00:01:27.7 INFO seq=878, value=7799780, state=A
2015-03-28 00:01:27.8 INFO seq=879, value=7763280, state=default
2015-03-28 00:01:27.9 INFO seq=880, value=7780950, state=null
2015-03-28 00:01:28.0 INFO seq=881, value=7771320, state=B
2015-03-28 00:01:28.1 INFO seq=882, value=7785430, state=B1
2015-03-28 00:01:28.2 INFO seq=883, value=7785970, state=default
2015-03-28 00:01:28.3 INFO seq=884, value=7791910, state=A,B
2015-03-28 00:01:28.4 INFO seq=885, value=7769330, state=A,B
2015-03-28 00:01:28.5 INFO seq=886, value=7756360, state=A
2015-03-28 00:01:28.6 INFO seq=887, value=7767990, state=null
2015-03-28 00:01:28.7 INFO seq=888, value=7781750, state=null
2015-03-28 00:01:28.8 INFO seq=889, value=7769410, state=B1
2015-03-28 00:01:28.9 INFO seq=890, value=7780010, state=A,B
2015-03-28 00:01:29.0 INFO seq=891, value=7789810, state=A,B
2015-03-28 00:01:29.1 INFO seq=892, value=7771690, state=null
2015-03-28 00:01:29.2 INFO seq=893, value=7770500, state=B2
2015-03-28 00:01:29.3 INFO seq=894, value=7765780, state=default
2015-03-28 00:01:29.4 INFO seq=895, value=7789410, state=A,B
2015-03-28 00:01:29.5 INFO seq=896, value=7770650, state=A1
2015-03-28 00:01:29.6 INFO seq=897, value=7767230, state=A,B
2015-03-28 00:01:29.7 INFO seq=898, value=7787390, state=A1
2015-03-28 00:01:29.8 INFO seq=899, value=7767640, state=A2
2015-03-28 00:01:29.9 INFO seq=900, value=7777550, state=A1
2015-03-28 00:01:30.0 INFO seq=901, value=7769670, state=default
2015-03-28 00:01:30.1 INFO seq=902, value=7782270, state=default
2015-03-28 00:01:30.2 INFO seq=903, value=7775180, state=default
2015-03-28 00:01:30.3 INFO seq=904, value=7771130, state=A,B
2015-03-28 00:01:30.4 INFO seq=905, value=7771110, state=B1
2015-03-28 00:01:30.5 INFO seq=906, value=7794540, state=B2
2015-03-28 00:01:30.6 INFO seq=907, value=7780950, state=null
2015-03-28 00:01:30.7 INFO seq=908, value=7768430, state=A,B
2015-03-28 00:01:30.8 INFO seq=909, value=7777250, state=A1
2015-03-28 00:01:30.9 INFO seq=910, value=7767020, state=B
2015-03-28 00:01:31.0 INFO seq=911, value=7779990, state=A1
2015-03-28 00:01:31.1 INFO seq=912, value=7778390, state=A1
2015-03-28 00:01:31.2 INFO seq=913, value=7775320, state=B
2015-03-28 00:01:31.3 INFO seq=914, value=7774360, state=A
2015-03-28 00:01:31.4 INFO seq=915, value=7781510, state=A,B
2015-03-28 00:01:31.5 INFO seq=916, value=7771630, state=A,B
2015-03-28 00:01:31.6 INFO seq=917, value=7798930, state=B1
2015-03-28 00:01:31.7 INFO seq=918, value=7786070, state=default
2015-03-28 00:01:31.8 INFO seq=919, value=7773710, state=B1
2015-03-28 00:01:31.9 INFO seq=920, value=7775590, state=null
2015-03-28 00:01:32.0 INFO seq=921, value=7768660, state=A
2015-03-28 00:01:32.1 INFO seq=922, value=7776660, state=A
2015-03-28 00:01:32.2 INFO seq=923, value=7766300, state=B2
2015-03-28 00:01:32.3 INFO seq=924, value=7776650, state=A1
2015-03-28 00:01:32.4 INFO seq=925, value=7782710, state=A,B
2015-03-28 00:01:32.5 INFO seq=926, value=7772570, state=default
2015-03-28 00:01:32.6 INFO seq=927, value=7772620, state=B
2015-03-28 00:01:32.7 INFO seq=928, value=7775140, state=A2
2015-03-28 00:01:32.8 INFO seq=929, value=7773150, state=A1
2015-03-28 00:01:32.9 INFO seq=930, value=7775730, state=A,B
2015-03-28 00:01:33.0 INFO seq=931, value=7787860, state=default
2015-03-28 00:01:33.1 INFO seq=932, value=7763480, state=default
2015-03-28 00:01:33.2 INFO seq=933, value=7797690, state=A1
2015-03-28 00:01:33.3 INFO seq=934, value=7782640, state=B2
2015-03-28 00:01:33.4 INFO seq=935, value=7779520, state=B
2015-03-28 00:01:33.5 INFO seq=936, value=7775570, state=default
2015-03-28 00:01:33.6 INFO seq=937, value=7784830, state=B1
2015-03-28 00:01:33.7 INFO seq=938, value=7786510, state=A,B
2015-03-28 00:01:33.8 INFO seq=939, value=7776490, state=null
2015-03-28 00:01:33.9 INFO seq=940, value=7769570, state=default
2015-03-28 00:01:34.0 INFO seq=941, value=7792880, state=A
2015-03-28 00:01:34.1 INFO seq=942, value=7777450, state=A1
2015-03-28 00:01:34.2 INFO seq=943, value=7780740, state=B2
2015-03-28 00:01:34.3 INFO seq=944, value=7765550, state=A1
2015-03-28 00:01:34.4 INFO seq=945, value=7773170, state=default
2015-03-28 00:01:34.5 INFO seq=946, value=7779590, state=A1
2015-03-28 00:01:34.6 INFO seq=947, value=7762340, state=A2
2015-03-28 00:01:34.7 INFO seq=948, value=7791570, state=default
2015-03-28 00:01:34.8 INFO seq=949, value=7786110, state=A,B
2015-03-28 00:01:34.9 INFO seq=950, value=7774940, state=A2
2015-03-28 00:01:35.0 INFO seq=951, value=7791800, state=A2
2015-03-28 00:01:35.1 INFO seq=952, value=7773410, state=B1
2015-03-28 00:01:35.2 INFO seq=953, value=7784730, state=B1
2015-03-28 00:01:35.3 INFO seq=954, value=7770990, state=null
2015-03-28 00:01:35.4 INFO seq=955, value=7766430, state=A,B
2015-03-28 00:01:35.5 INFO seq=956, value=7786410, state=A,B
2015-03-28 00:01:35.6 INFO seq=957, value=7782900, state=A2
2015-03-28 00:01:35.7 INFO seq=958, value=7787500, state=A2
2015-03-28 00:01:35.8 INFO seq=959, value=7773800, state=B2
2015-03-28 00:01:35.9 INFO seq=960, value=7776450, state=A1
2015-03-28 00:01:36.0 INFO seq=961, value=7788000, state=A2
2015-03-28 00:01:36.1 INFO seq=962, value=7773660, state=A
2015-03-28 00:01:36.2 INFO seq=963, value=7762870, state=default
2015-03-28 00:01:36.3 INFO seq=964, value=7784190, state=A1
2015-03-28 00:01:36.4 INFO seq=965, value=7764330, state=A,B
2015-03-28 00:01:36.5 INFO seq=966, value=7796780, state=A
2015-03-28 00:01:36.6 INFO seq=967, value=7777110, state=B1
2015-03-28 00:01:36.7 INFO seq=968, value=7760410, state=B1
2015-03-28 00:01:36.8 INFO seq=969, value=7779790, state=A1
2015-03-28 00:01:36.9 INFO seq=970, value=7777480, state=default
2015-03-28 00:01:37.0 INFO seq=971, value=7760950, state=A1
2015-03-28 00:01:37.1 INFO seq=972, value=7792270, state=default
2015-03-28 00:01:37.2 INFO seq=973, value=7760730, state=A,B
2015-03-28 00:01:37.3 INFO seq=974, value=7770410, state=B1
2015-03-28 00:01:37.4 INFO seq=975, value=7764600, state=B2
2015-03-28 00:01:37.5 INFO seq=976, value=7793250, state=null
2015-03-28 00:01:37.6 INFO seq=977, value=7795770, state=default
2015-03-28 00:01:37.7 INFO seq=978, value=7800260, state=default
2015-03-28 00:01:37.8 INFO seq=979, value=7774800, state=B2
2015-03-28 00:01:37.9 INFO seq=980, value=7784020, state=B
2015-03-28 00:01:38.0 INFO seq=981, value=7783370, state=default
2015-03-28 00:01:38.1 INFO seq=982, value=7773000, state=B2
2015-03-28 00:01:38.2 INFO seq=983, value=7766980, state=default
2015-03-28 00:01:38.3 INFO seq=984, value=7780050, state=null
2015-03-28 00:01:38.4 INFO seq=985, value=7769810, state=B1
2015-03-28 00:01:38.5 INFO seq=986, value=7776850, state=A1
2015-03-28 00:01:38.6 INFO seq=987, value=7776440, state=A2
2015-03-28 00:01:38.7 INFO seq=988, value=7787150, state=null
2015-03-28 00:01:38.8 INFO seq=989, value=7764180, state=default
2015-03-28 00:01:38.9 INFO seq=990, value=7801310, state=A,B
2015-03-28 00:01:39.0 INFO seq=991, value=7770080, state=default
2015-03-28 00:01:39.1 INFO seq=992, value=7794810, state=A,B
2015-03-28 00:01:39.2 INFO seq=993, value=7777080, state=default
2015-03-28 00:01:39.3 INFO seq=994, value=7775760, state=A
2015-03-28 00:01:39.4 INFO seq=995, value=7783600, state=A2
2015-03-28 00:01:39.5 INFO seq=996, value=7772370, state=default
2015-03-28 00:01:39.6 INFO seq=997, value=7770030, state=A,B
2015-03-28 00:01:39.7 INFO seq=998, value=7796050, state=null
2015-03-28 00:01:39.8 INFO seq=999, value=7775700, state=B2
2015-03-28 00:01:39.9 INFO seq=1000, value=7769410, state=B1
